<?xml version="1.0" encoding="UTF-8"?>
<!-- Generated by org.testng.reporters.JUnitReportReporter -->
<testsuite hostname="kanlaya" failures="0" tests="5" name="test.CatagoryFunctionality.Appliances2Testing" time="54.867" errors="0" timestamp="2022-09-03T14:32:10 EDT" skipped="0">
  <testcase classname="test.CatagoryFunctionality.Appliances2Testing" name="Appliance_TC001_verifyAppliances" time="6.721"/>
  <system-out/>
  <testcase classname="test.CatagoryFunctionality.Appliances2Testing" name="Appliance_TC002_selectAppliance" time="6.271"/>
  <system-out/>
  <testcase classname="test.CatagoryFunctionality.Appliances2Testing" name="Appliance_TC003_AddToCart" time="12.598"/>
  <system-out/>
  <testcase classname="test.CatagoryFunctionality.Appliances2Testing" name="Appliance_TC004_addMoreItem" time="10.952"/>
  <system-out/>
  <testcase classname="test.CatagoryFunctionality.Appliances2Testing" name="Appliance_TC005_checkoutFunction" time="18.325"/>
  <system-out/>
</testsuite> <!-- test.CatagoryFunctionality.Appliances2Testing -->
