<?xml version="1.0" encoding="UTF-8"?>
<!-- Generated by org.testng.reporters.JUnitReportReporter -->
<testsuite hostname="kanlaya" failures="0" tests="2" name="test.RegisterTesting" time="16.428" errors="0" timestamp="2022-09-03T14:32:10 EDT" skipped="0">
  <testcase classname="test.RegisterTesting" name="TC002registerWithRegisteredEmail" time="8.199"/>
  <system-out/>
  <testcase classname="test.RegisterTesting" name="TC001registerValidEmailValidPassword" time="8.229"/>
  <system-out/>
</testsuite> <!-- test.RegisterTesting -->
