<?xml version="1.0" encoding="UTF-8"?>
<!-- Generated by org.testng.reporters.JUnitReportReporter -->
<testsuite hostname="kanlaya" failures="0" tests="5" name="test.FooterHeaderTesting" time="74.264" errors="0" timestamp="2022-09-03T14:32:10 EDT" skipped="0">
  <testcase classname="test.FooterHeaderTesting" name="TC001_Footer_Navigate_To_Contact_Us" time="13.441"/>
  <system-out/>
  <testcase classname="test.FooterHeaderTesting" name="TC005_Footer_FAQ" time="7.421"/>
  <system-out/>
  <testcase classname="test.FooterHeaderTesting" name="TC002_Footer_Live_Chat" time="29.391"/>
  <system-out/>
  <testcase classname="test.FooterHeaderTesting" name="TC003_Footer_Check_My_Points" time="16.500"/>
  <system-out/>
  <testcase classname="test.FooterHeaderTesting" name="TC004_Footer_Testimonials" time="7.511"/>
  <system-out/>
</testsuite> <!-- test.FooterHeaderTesting -->
