<?xml version="1.0" encoding="UTF-8"?>
<!-- Generated by org.testng.reporters.JUnitReportReporter -->
<testsuite hostname="kanlaya" failures="0" tests="5" name="test.CatagoryFunctionality.Appliances1Testing" time="122.777" errors="0" timestamp="2022-09-03T14:32:10 EDT" skipped="0">
  <testcase classname="test.CatagoryFunctionality.Appliances1Testing" name="TC002CatAppliancesMostExpensiveProductInCart" time="45.068"/>
  <system-out/>
  <testcase classname="test.CatagoryFunctionality.Appliances1Testing" name="TC001CatAppliancesArrivalNoticeIn360Product" time="12.950"/>
  <system-out/>
  <testcase classname="test.CatagoryFunctionality.Appliances1Testing" name="TC003CatAppliancesAddBestRatingVacuum" time="33.099"/>
  <system-out/>
  <testcase classname="test.CatagoryFunctionality.Appliances1Testing" name="TC004CatAppliancesDropDownButtonsAreClickable" time="9.955"/>
  <system-out/>
  <testcase classname="test.CatagoryFunctionality.Appliances1Testing" name="TC005CatAppliancesMinAndMaxPriceRange" time="21.705"/>
  <system-out/>
</testsuite> <!-- test.CatagoryFunctionality.Appliances1Testing -->
