<?xml version="1.0" encoding="UTF-8"?>
<!-- Generated by org.testng.reporters.JUnitReportReporter -->
<testsuite hostname="kanlaya" failures="0" tests="2" name="test.SearchFunctionalityTesting" time="21.814" errors="0" timestamp="2022-09-03T14:32:10 EDT" skipped="0">
  <testcase classname="test.SearchFunctionalityTesting" name="searchWithKeyword" time="9.763"/>
  <system-out/>
  <testcase classname="test.SearchFunctionalityTesting" name="searchByCategoriesWithMisspellingKeyword" time="12.051"/>
  <system-out/>
</testsuite> <!-- test.SearchFunctionalityTesting -->
