<?xml version="1.0" encoding="UTF-8"?>
<!-- Generated by org.testng.reporters.JUnitReportReporter -->
<testsuite hostname="DESKTOP-2F2EII0" failures="0" tests="1" name="Tests.RegisterPageTests" time="16.286" errors="0" timestamp="2022-06-17T22:40:17 EDT" skipped="0">
  <testcase classname="Tests.RegisterPageTests" name="validRegisterFunctionality" time="16.286"/>
  <system-out/>
</testsuite> <!-- Tests.RegisterPageTests -->
