<?xml version="1.0" encoding="UTF-8"?>
<!-- Generated by org.testng.reporters.JUnitReportReporter -->
<testsuite hostname="kanlaya" failures="0" tests="3" name="test.LoginTesting" time="25.907" errors="0" timestamp="2022-09-03T14:45:37 EDT" skipped="0">
  <testcase classname="test.LoginTesting" name="TC002_signinInvalidEmailValidPassword" time="9.529"/>
  <system-out/>
  <testcase classname="test.LoginTesting" name="TC003_signinInvalidEmailInvalidPassword" time="7.584"/>
  <system-out/>
  <testcase classname="test.LoginTesting" name="TC001_signinValidEmailValidPassword" time="8.794"/>
  <system-out/>
</testsuite> <!-- test.LoginTesting -->
